{"/Users/jonathanperry/Documents/GitHub/Sequence Media/React-Redux-Saga/src/index.js": {"path":"/Users/jonathanperry/Documents/GitHub/Sequence Media/React-Redux-Saga/src/index.js","statementMap":{"0":{"start":{"line":1,"column":0},"end":{"line":null,"column":-1}},"1":{"start":{"line":2,"column":0},"end":{"line":null,"column":-1}},"2":{"start":{"line":3,"column":0},"end":{"line":null,"column":-1}},"3":{"start":{"line":5,"column":0},"end":{"line":null,"column":-1}},"4":{"start":{"line":6,"column":0},"end":{"line":null,"column":-1}},"5":{"start":{"line":9,"column":14},"end":{"line":9,"column":2}},"6":{"start":{"line":10,"column":2},"end":{"line":26,"column":3}},"7":{"start":{"line":11,"column":18},"end":{"line":11,"column":4}},"8":{"start":{"line":12,"column":18},"end":{"line":12,"column":4}},"9":{"start":{"line":15,"column":6},"end":{"line":14,"column":4}},"10":{"start":{"line":20,"column":4},"end":{"line":null,"column":-1}},"11":{"start":{"line":25,"column":4},"end":{"line":null,"column":-1}}},"fnMap":{},"branchMap":{"0":{"loc":{"start":{"line":10,"column":2},"end":{"line":26,"column":3}},"type":"if","locations":[{"start":{"line":10,"column":2},"end":{"line":26,"column":3}},{"start":{"line":10,"column":2},"end":{"line":26,"column":3}}]},"1":{"loc":{"start":{"line":11,"column":29},"end":{"line":11,"column":62}},"type":"binary-expr","locations":[{"start":{"line":11,"column":29},"end":{"line":11,"column":62}},{"start":{"line":11,"column":63},"end":{"line":11,"column":18}}]}},"s":{"0":0,"1":0,"2":0,"3":0,"4":0,"5":0,"6":0,"7":0,"8":0,"9":0,"10":0,"11":0},"f":{},"b":{"0":[0,0],"1":[0,0]}}
,"/Users/jonathanperry/Documents/GitHub/Sequence Media/React-Redux-Saga/src/app/actions/hello-world/index.js": {"path":"/Users/jonathanperry/Documents/GitHub/Sequence Media/React-Redux-Saga/src/app/actions/hello-world/index.js","statementMap":{"0":{"start":{"line":6,"column":37},"end":{"line":6,"column":60}},"1":{"start":{"line":7,"column":37},"end":{"line":7,"column":60}},"2":{"start":{"line":8,"column":34},"end":{"line":8,"column":54}},"3":{"start":{"line":13,"column":33},"end":{"line":13,"column":86}},"4":{"start":{"line":13,"column":45},"end":{"line":13,"column":85}},"5":{"start":{"line":14,"column":33},"end":{"line":14,"column":86}},"6":{"start":{"line":14,"column":45},"end":{"line":14,"column":85}},"7":{"start":{"line":15,"column":33},"end":{"line":15,"column":83}},"8":{"start":{"line":15,"column":45},"end":{"line":15,"column":82}}},"fnMap":{"0":{"name":"(anonymous_0)","decl":{"start":{"line":13,"column":33},"end":{"line":13,"column":34}},"loc":{"start":{"line":13,"column":45},"end":{"line":13,"column":85}},"line":13},"1":{"name":"(anonymous_1)","decl":{"start":{"line":14,"column":33},"end":{"line":14,"column":34}},"loc":{"start":{"line":14,"column":45},"end":{"line":14,"column":85}},"line":14},"2":{"name":"(anonymous_2)","decl":{"start":{"line":15,"column":33},"end":{"line":15,"column":34}},"loc":{"start":{"line":15,"column":45},"end":{"line":15,"column":82}},"line":15}},"branchMap":{},"s":{"0":1,"1":1,"2":1,"3":1,"4":0,"5":1,"6":0,"7":1,"8":0},"f":{"0":0,"1":0,"2":0},"b":{},"_coverageSchema":"332fd63041d2c1bcb487cc26dd0d5f7d97098a6c","hash":"7fe19b5ebe6707b140859b83feecef4d81cf16b9"}
,"/Users/jonathanperry/Documents/GitHub/Sequence Media/React-Redux-Saga/src/app/components/hello-world/component.js": {"path":"/Users/jonathanperry/Documents/GitHub/Sequence Media/React-Redux-Saga/src/app/components/hello-world/component.js","statementMap":{"0":{"start":{"line":8,"column":25},"end":{"line":8,"column":35}},"1":{"start":{"line":10,"column":21},"end":{"line":10,"column":31}},"2":{"start":{"line":11,"column":17},"end":{"line":11,"column":70}},"3":{"start":{"line":13,"column":4},"end":{"line":13,"column":38}},"4":{"start":{"line":17,"column":24},"end":{"line":17,"column":34}},"5":{"start":{"line":19,"column":4},"end":{"line":28,"column":6}},"6":{"start":{"line":32,"column":0},"end":{"line":35,"column":2}},"7":{"start":{"line":37,"column":0},"end":{"line":40,"column":2}}},"fnMap":{"0":{"name":"(anonymous_0)","decl":{"start":{"line":7,"column":16},"end":{"line":7,"column":17}},"loc":{"start":{"line":7,"column":22},"end":{"line":14,"column":3}},"line":7},"1":{"name":"(anonymous_1)","decl":{"start":{"line":16,"column":2},"end":{"line":16,"column":3}},"loc":{"start":{"line":16,"column":11},"end":{"line":29,"column":3}},"line":16},"2":{"name":"(anonymous_2)","decl":{"start":{"line":33,"column":12},"end":{"line":33,"column":13}},"loc":{"start":{"line":33,"column":18},"end":{"line":33,"column":33}},"line":33}},"branchMap":{},"s":{"0":0,"1":0,"2":0,"3":0,"4":2,"5":2,"6":1,"7":1},"f":{"0":0,"1":2,"2":0},"b":{},"_coverageSchema":"332fd63041d2c1bcb487cc26dd0d5f7d97098a6c","hash":"4581d384f1b6e89f3b7a5f8ed79b65eabb470ff3"}
,"/Users/jonathanperry/Documents/GitHub/Sequence Media/React-Redux-Saga/src/app/components/hello-world/index.js": {"path":"/Users/jonathanperry/Documents/GitHub/Sequence Media/React-Redux-Saga/src/app/components/hello-world/index.js","statementMap":{"0":{"start":{"line":1,"column":0},"end":{"line":null,"column":-1}},"1":{"start":{"line":3,"column":0},"end":{"line":null,"column":-1}},"2":{"start":{"line":5,"column":23},"end":{"line":5,"column":22}},"3":{"start":{"line":5,"column":23},"end":{"line":null,"column":-1}},"4":{"start":{"line":5,"column":64},"end":{"line":null,"column":-1}}},"fnMap":{"0":{"name":"(anonymous_1)","decl":{"start":{"line":5,"column":23},"end":{"line":null,"column":-1}},"loc":{"start":{"line":5,"column":23},"end":{"line":5,"column":15}}},"1":{"name":"(anonymous_2)","decl":{"start":{"line":5,"column":64},"end":{"line":null,"column":-1}},"loc":{"start":{"line":5,"column":64},"end":{"line":5,"column":15}}}},"branchMap":{},"s":{"0":0,"1":0,"2":0,"3":0,"4":0},"f":{"0":0,"1":0},"b":{}}
,"/Users/jonathanperry/Documents/GitHub/Sequence Media/React-Redux-Saga/src/app/components/one/index.js": {"path":"/Users/jonathanperry/Documents/GitHub/Sequence Media/React-Redux-Saga/src/app/components/one/index.js","statementMap":{"0":{"start":{"line":1,"column":0},"end":{"line":null,"column":-1}},"1":{"start":{"line":3,"column":12},"end":{"line":3,"column":0}},"2":{"start":{"line":3,"column":12},"end":{"line":null,"column":-1}}},"fnMap":{"0":{"name":"One","decl":{"start":{"line":3,"column":6},"end":{"line":3,"column":12}},"loc":{"start":{"line":3,"column":12},"end":{"line":3,"column":0}}}},"branchMap":{},"s":{"0":0,"1":0,"2":0},"f":{"0":0},"b":{}}
,"/Users/jonathanperry/Documents/GitHub/Sequence Media/React-Redux-Saga/src/app/components/two/index.js": {"path":"/Users/jonathanperry/Documents/GitHub/Sequence Media/React-Redux-Saga/src/app/components/two/index.js","statementMap":{"0":{"start":{"line":1,"column":0},"end":{"line":null,"column":-1}},"1":{"start":{"line":3,"column":12},"end":{"line":3,"column":0}},"2":{"start":{"line":3,"column":12},"end":{"line":null,"column":-1}}},"fnMap":{"0":{"name":"Two","decl":{"start":{"line":3,"column":6},"end":{"line":3,"column":12}},"loc":{"start":{"line":3,"column":12},"end":{"line":3,"column":0}}}},"branchMap":{},"s":{"0":0,"1":0,"2":0},"f":{"0":0},"b":{}}
,"/Users/jonathanperry/Documents/GitHub/Sequence Media/React-Redux-Saga/src/app/reducers/index.js": {"path":"/Users/jonathanperry/Documents/GitHub/Sequence Media/React-Redux-Saga/src/app/reducers/index.js","statementMap":{"0":{"start":{"line":3,"column":0},"end":{"line":null,"column":-1}},"1":{"start":{"line":5,"column":0},"end":{"line":null,"column":-1}}},"fnMap":{},"branchMap":{},"s":{"0":0,"1":0},"f":{},"b":{}}
,"/Users/jonathanperry/Documents/GitHub/Sequence Media/React-Redux-Saga/src/app/reducers/hello-world/index.js": {"path":"/Users/jonathanperry/Documents/GitHub/Sequence Media/React-Redux-Saga/src/app/reducers/hello-world/index.js","statementMap":{"0":{"start":{"line":10,"column":68},"end":{"line":10,"column":67}},"1":{"start":{"line":10,"column":68},"end":{"line":null,"column":-1}},"2":{"start":{"line":11,"column":2},"end":{"line":null,"column":-1}},"3":{"start":{"line":13,"column":6},"end":{"line":null,"column":-1}},"4":{"start":{"line":15,"column":6},"end":{"line":null,"column":-1}},"5":{"start":{"line":17,"column":6},"end":{"line":null,"column":-1}},"6":{"start":{"line":1,"column":0},"end":{"line":null,"column":-1}},"7":{"start":{"line":6,"column":21},"end":{"line":6,"column":0}},"8":{"start":{"line":8,"column":13},"end":{"line":8,"column":7}},"9":{"start":{"line":8,"column":26},"end":{"line":8,"column":25}},"10":{"start":{"line":8,"column":26},"end":{"line":null,"column":-1}}},"fnMap":{"0":{"name":"helloWorld","decl":{"start":{"line":8,"column":13},"end":{"line":8,"column":26}},"loc":{"start":{"line":8,"column":26},"end":{"line":8,"column":7}}}},"branchMap":{"0":{"loc":{"start":{"line":10,"column":68},"end":{"line":10,"column":32}},"type":"cond-expr","locations":[{"start":{"line":10,"column":68},"end":{"line":10,"column":32}},{"start":{"line":10,"column":33},"end":{"line":10,"column":68}}]},"1":{"loc":{"start":{"line":10,"column":68},"end":{"line":10,"column":32}},"type":"binary-expr","locations":[{"start":{"line":10,"column":68},"end":{"line":10,"column":32}},{"start":{"line":10,"column":68},"end":{"line":10,"column":32}}]},"2":{"loc":{"start":{"line":12,"column":4},"end":{"line":13,"column":6}},"type":"switch","locations":[{"start":{"line":12,"column":4},"end":{"line":13,"column":6}},{"start":{"line":14,"column":4},"end":{"line":15,"column":6}},{"start":{"line":16,"column":4},"end":{"line":17,"column":6}}]}},"s":{"0":0,"1":0,"2":0,"3":0,"4":0,"5":0,"6":0,"7":0,"8":0,"9":0,"10":0},"f":{"0":0},"b":{"0":[0,0],"1":[0,0],"2":[0,0,0]}}
,"/Users/jonathanperry/Documents/GitHub/Sequence Media/React-Redux-Saga/src/app/routes/index.js": {"path":"/Users/jonathanperry/Documents/GitHub/Sequence Media/React-Redux-Saga/src/app/routes/index.js","statementMap":{"0":{"start":{"line":1,"column":0},"end":{"line":null,"column":-1}},"1":{"start":{"line":2,"column":0},"end":{"line":null,"column":-1}},"2":{"start":{"line":4,"column":0},"end":{"line":null,"column":-1}},"3":{"start":{"line":5,"column":0},"end":{"line":null,"column":-1}},"4":{"start":{"line":6,"column":0},"end":{"line":null,"column":-1}},"5":{"start":{"line":8,"column":15},"end":{"line":8,"column":0}},"6":{"start":{"line":8,"column":15},"end":{"line":null,"column":-1}}},"fnMap":{"0":{"name":"Routes","decl":{"start":{"line":8,"column":6},"end":{"line":8,"column":15}},"loc":{"start":{"line":8,"column":15},"end":{"line":8,"column":0}}}},"branchMap":{},"s":{"0":0,"1":0,"2":0,"3":0,"4":0,"5":0,"6":0},"f":{"0":0},"b":{}}
,"/Users/jonathanperry/Documents/GitHub/Sequence Media/React-Redux-Saga/src/app/sagas/index.js": {"path":"/Users/jonathanperry/Documents/GitHub/Sequence Media/React-Redux-Saga/src/app/sagas/index.js","statementMap":{"0":{"start":{"line":3,"column":0},"end":{"line":null,"column":-1}},"1":{"start":{"line":10,"column":0},"end":{"line":null,"column":-1}},"2":{"start":{"line":16,"column":22},"end":{"line":16,"column":0}},"3":{"start":{"line":16,"column":22},"end":{"line":16,"column":21}},"4":{"start":{"line":16,"column":22},"end":{"line":null,"column":-1}},"5":{"start":{"line":18,"column":0},"end":{"line":18,"column":-1}},"6":{"start":{"line":18,"column":0},"end":{"line":null,"column":-1}},"7":{"start":{"line":20,"column":10},"end":{"line":18,"column":0}},"8":{"start":{"line":22,"column":22},"end":{"line":18,"column":0}},"9":{"start":{"line":27,"column":7},"end":{"line":null,"column":-1}},"10":{"start":{"line":31,"column":15},"end":{"line":null,"column":-1}}},"fnMap":{"0":{"name":"helloWorldApi","decl":{"start":{"line":16,"column":6},"end":{"line":16,"column":22}},"loc":{"start":{"line":16,"column":22},"end":{"line":16,"column":0}}},"1":{"name":"helloWorld","decl":{"start":{"line":18,"column":10},"end":{"line":18,"column":0}},"loc":{"start":{"line":18,"column":0},"end":{"line":null,"column":-1}}},"2":{"name":"helloWorld$","decl":{"start":{"line":18,"column":0},"end":{"line":null,"column":-1}},"loc":{"start":{"line":18,"column":0},"end":{"line":null,"column":-1}}},"3":{"name":"watchHelloWorld","decl":{"start":{"line":27,"column":17},"end":{"line":27,"column":7}},"loc":{"start":{"line":27,"column":7},"end":{"line":null,"column":-1}}},"4":{"name":"watchHelloWorld$","decl":{"start":{"line":27,"column":7},"end":{"line":null,"column":-1}},"loc":{"start":{"line":27,"column":7},"end":{"line":null,"column":-1}}},"5":{"name":"rootSaga","decl":{"start":{"line":31,"column":25},"end":{"line":31,"column":15}},"loc":{"start":{"line":31,"column":15},"end":{"line":null,"column":-1}}},"6":{"name":"rootSaga$","decl":{"start":{"line":31,"column":15},"end":{"line":null,"column":-1}},"loc":{"start":{"line":31,"column":15},"end":{"line":null,"column":-1}}}},"branchMap":{"0":{"loc":{"start":{"line":18,"column":0},"end":{"line":null,"column":-1}},"type":"switch","locations":[{"start":{"line":18,"column":0},"end":{"line":null,"column":-1}},{"start":{"line":18,"column":0},"end":{"line":null,"column":-1}},{"start":{"line":18,"column":0},"end":{"line":null,"column":-1}},{"start":{"line":18,"column":0},"end":{"line":null,"column":-1}},{"start":{"line":18,"column":0},"end":{"line":null,"column":-1}},{"start":{"line":18,"column":0},"end":{"line":null,"column":-1}}]},"1":{"loc":{"start":{"line":22,"column":26},"end":{"line":18,"column":0}},"type":"cond-expr","locations":[{"start":{"line":22,"column":26},"end":{"line":18,"column":0}},{"start":{"line":18,"column":0},"end":{"line":null,"column":-1}}]},"2":{"loc":{"start":{"line":27,"column":7},"end":{"line":null,"column":-1}},"type":"switch","locations":[{"start":{"line":27,"column":7},"end":{"line":null,"column":-1}},{"start":{"line":27,"column":7},"end":{"line":null,"column":-1}},{"start":{"line":27,"column":7},"end":{"line":null,"column":-1}}]},"3":{"loc":{"start":{"line":31,"column":15},"end":{"line":null,"column":-1}},"type":"switch","locations":[{"start":{"line":31,"column":15},"end":{"line":null,"column":-1}},{"start":{"line":31,"column":15},"end":{"line":null,"column":-1}},{"start":{"line":31,"column":15},"end":{"line":null,"column":-1}}]}},"s":{"0":0,"1":0,"2":0,"3":0,"4":0,"5":0,"6":0,"7":0,"8":0,"9":0,"10":0},"f":{"0":0,"1":0,"2":0,"3":0,"4":0,"5":0,"6":0},"b":{"0":[0,0,0,0,0,0],"1":[0,0],"2":[0,0,0],"3":[0,0,0]}}
,"/Users/jonathanperry/Documents/GitHub/Sequence Media/React-Redux-Saga/src/app/store/index.js": {"path":"/Users/jonathanperry/Documents/GitHub/Sequence Media/React-Redux-Saga/src/app/store/index.js","statementMap":{"0":{"start":{"line":1,"column":0},"end":{"line":null,"column":-1}},"1":{"start":{"line":6,"column":0},"end":{"line":null,"column":-1}},"2":{"start":{"line":8,"column":0},"end":{"line":null,"column":-1}},"3":{"start":{"line":9,"column":0},"end":{"line":null,"column":-1}},"4":{"start":{"line":11,"column":23},"end":{"line":11,"column":0}},"5":{"start":{"line":17,"column":16},"end":{"line":17,"column":2}},"6":{"start":{"line":28,"column":2},"end":{"line":null,"column":-1}},"7":{"start":{"line":30,"column":2},"end":{"line":null,"column":-1}}},"fnMap":{"0":{"name":"configureStore","decl":{"start":{"line":13,"column":24},"end":{"line":13,"column":15}},"loc":{"start":{"line":13,"column":46},"end":{"line":31,"column":1}}}},"branchMap":{},"s":{"0":0,"1":0,"2":0,"3":0,"4":0,"5":0,"6":0,"7":0},"f":{"0":0},"b":{}}
}
