TN:
SF:/Users/jonathanperry/Documents/GitHub/Sequence Media/React-Redux-Saga/src/index.js
FNF:0
FNH:0
DA:1,0
DA:2,0
DA:3,0
DA:5,0
DA:6,0
DA:9,0
DA:10,0
DA:11,0
DA:12,0
DA:15,0
DA:20,0
DA:25,0
LF:12
LH:0
BRDA:10,0,0,0
BRDA:10,0,1,0
BRDA:11,1,0,0
BRDA:11,1,1,0
BRF:4
BRH:0
end_of_record
TN:
SF:/Users/jonathanperry/Documents/GitHub/Sequence Media/React-Redux-Saga/src/app/actions/hello-world/index.js
FN:13,(anonymous_0)
FN:14,(anonymous_1)
FN:15,(anonymous_2)
FNF:3
FNH:0
FNDA:0,(anonymous_0)
FNDA:0,(anonymous_1)
FNDA:0,(anonymous_2)
DA:6,1
DA:7,1
DA:8,1
DA:13,1
DA:14,1
DA:15,1
LF:6
LH:6
BRF:0
BRH:0
end_of_record
TN:
SF:/Users/jonathanperry/Documents/GitHub/Sequence Media/React-Redux-Saga/src/app/components/hello-world/component.js
FN:7,(anonymous_0)
FN:16,(anonymous_1)
FN:33,(anonymous_2)
FNF:3
FNH:1
FNDA:0,(anonymous_0)
FNDA:2,(anonymous_1)
FNDA:0,(anonymous_2)
DA:8,0
DA:10,0
DA:11,0
DA:13,0
DA:17,2
DA:19,2
DA:32,1
DA:37,1
LF:8
LH:4
BRF:0
BRH:0
end_of_record
TN:
SF:/Users/jonathanperry/Documents/GitHub/Sequence Media/React-Redux-Saga/src/app/components/hello-world/index.js
FN:5,(anonymous_1)
FN:5,(anonymous_2)
FNF:2
FNH:0
FNDA:0,(anonymous_1)
FNDA:0,(anonymous_2)
DA:1,0
DA:3,0
DA:5,0
LF:3
LH:0
BRF:0
BRH:0
end_of_record
TN:
SF:/Users/jonathanperry/Documents/GitHub/Sequence Media/React-Redux-Saga/src/app/components/one/index.js
FN:3,One
FNF:1
FNH:0
FNDA:0,One
DA:1,0
DA:3,0
LF:2
LH:0
BRF:0
BRH:0
end_of_record
TN:
SF:/Users/jonathanperry/Documents/GitHub/Sequence Media/React-Redux-Saga/src/app/components/two/index.js
FN:3,Two
FNF:1
FNH:0
FNDA:0,Two
DA:1,0
DA:3,0
LF:2
LH:0
BRF:0
BRH:0
end_of_record
TN:
SF:/Users/jonathanperry/Documents/GitHub/Sequence Media/React-Redux-Saga/src/app/reducers/index.js
FNF:0
FNH:0
DA:3,0
DA:5,0
LF:2
LH:0
BRF:0
BRH:0
end_of_record
TN:
SF:/Users/jonathanperry/Documents/GitHub/Sequence Media/React-Redux-Saga/src/app/reducers/hello-world/index.js
FN:8,helloWorld
FNF:1
FNH:0
FNDA:0,helloWorld
DA:1,0
DA:6,0
DA:8,0
DA:10,0
DA:11,0
DA:13,0
DA:15,0
DA:17,0
LF:8
LH:0
BRDA:10,0,0,0
BRDA:10,0,1,0
BRDA:10,1,0,0
BRDA:10,1,1,0
BRDA:12,2,0,0
BRDA:12,2,1,0
BRDA:12,2,2,0
BRF:7
BRH:0
end_of_record
TN:
SF:/Users/jonathanperry/Documents/GitHub/Sequence Media/React-Redux-Saga/src/app/routes/index.js
FN:8,Routes
FNF:1
FNH:0
FNDA:0,Routes
DA:1,0
DA:2,0
DA:4,0
DA:5,0
DA:6,0
DA:8,0
LF:6
LH:0
BRF:0
BRH:0
end_of_record
TN:
SF:/Users/jonathanperry/Documents/GitHub/Sequence Media/React-Redux-Saga/src/app/sagas/index.js
FN:16,helloWorldApi
FN:18,helloWorld
FN:18,helloWorld$
FN:27,watchHelloWorld
FN:27,watchHelloWorld$
FN:31,rootSaga
FN:31,rootSaga$
FNF:7
FNH:0
FNDA:0,helloWorldApi
FNDA:0,helloWorld
FNDA:0,helloWorld$
FNDA:0,watchHelloWorld
FNDA:0,watchHelloWorld$
FNDA:0,rootSaga
FNDA:0,rootSaga$
DA:3,0
DA:10,0
DA:16,0
DA:18,0
DA:20,0
DA:22,0
DA:27,0
DA:31,0
LF:8
LH:0
BRDA:18,0,0,0
BRDA:18,0,1,0
BRDA:18,0,2,0
BRDA:18,0,3,0
BRDA:18,0,4,0
BRDA:18,0,5,0
BRDA:22,1,0,0
BRDA:22,1,1,0
BRDA:27,2,0,0
BRDA:27,2,1,0
BRDA:27,2,2,0
BRDA:31,3,0,0
BRDA:31,3,1,0
BRDA:31,3,2,0
BRF:14
BRH:0
end_of_record
TN:
SF:/Users/jonathanperry/Documents/GitHub/Sequence Media/React-Redux-Saga/src/app/store/index.js
FN:13,configureStore
FNF:1
FNH:0
FNDA:0,configureStore
DA:1,0
DA:6,0
DA:8,0
DA:9,0
DA:11,0
DA:17,0
DA:28,0
DA:30,0
LF:8
LH:0
BRF:0
BRH:0
end_of_record
